Arguments: 
  /Users/llongfeng/.nvm/versions/node/v8.12.0/bin/node /Users/llongfeng/.yarn/bin/yarn.js add -D @babel/core @babel/cli

PATH: 
  /Users/llongfeng/.yarn/bin:/Users/llongfeng/.config/yarn/global/node_modules/.bin:/Users/llongfeng/.nvm/versions/node/v8.12.0/bin:/usr/local/bin:/usr/bin:/bin:/usr/sbin:/sbin:/usr/local/share/dotnet:/opt/X11/bin:~/.dotnet/tools:/Library/Frameworks/Mono.framework/Versions/Current/Commands:/Applications/Postgres.app/Contents/Versions/latest/bin:/Applications/Xamarin Workbooks.app/Contents/SharedSupport/path-bin

Yarn version: 
  1.12.1

Node version: 
  8.12.0

Platform: 
  darwin x64

Trace: 
  SyntaxError: /Users/llongfeng/Git/Serialize-Daggy/package.json: Unexpected token ] in JSON at position 404
      at JSON.parse (<anonymous>)
      at /Users/llongfeng/.yarn/lib/cli.js:1166:59
      at Generator.next (<anonymous>)
      at step (/Users/llongfeng/.yarn/lib/cli.js:92:30)
      at /Users/llongfeng/.yarn/lib/cli.js:103:13
      at <anonymous>

npm manifest: 
  {
    "name": "serialize-daggy",
    "version": "1.0.0",
    "description": "Serializ object with daggy type",
    "main": "src/index.js",
    "repository": "https://github.com/tobechange.git",
    "bugs": {
      "url": "https://github.com/tobechange/issues"
    },
    "homepage": "https://github.com/tobechange#readme",
    "author": "Lian",
    "license": "apache-2.0",
    "keywords": [
      "daggy",
      "serialization",
    ]
  }

yarn manifest: 
  No manifest

Lockfile: 
  No lockfile
